INFO:root:Request: GET /
INFO:root:check user: GET /
INFO:root:Response handler...
INFO:root:call with args: {}
INFO:root:SQL: select count(id) _num_ from `blogs`
INFO:root:rows returned: 1
INFO:aiohttp.access:127.0.0.1 [13/Oct/2018:15:19:07 +0000] "GET / HTTP/1.0" 200 4662 "-" "curl/7.47.0"
INFO:root:Request: GET /
INFO:root:check user: GET /
INFO:root:Response handler...
INFO:root:call with args: {}
INFO:root:SQL: select count(id) _num_ from `blogs`
INFO:root:rows returned: 1
INFO:aiohttp.access:127.0.0.1 [13/Oct/2018:15:24:29 +0000] "GET / HTTP/1.0" 200 4662 "-" "Mozilla/5.0 (Windows NT 10.0; Win64; x64) AppleWebKit/537.36 (KHTML, like Gecko) Chrome/69.0.3497.100 Safari/537.36"
INFO:root:Request: GET /signin
INFO:root:check user: GET /signin
INFO:root:Response handler...
INFO:root:call with args: {}
INFO:aiohttp.access:127.0.0.1 [13/Oct/2018:15:24:34 +0000] "GET /signin HTTP/1.0" 200 2936 "http://ybwei.fun/" "Mozilla/5.0 (Windows NT 10.0; Win64; x64) AppleWebKit/537.36 (KHTML, like Gecko) Chrome/69.0.3497.100 Safari/537.36"
INFO:root:Request: POST /api/authenticate
INFO:root:check user: POST /api/authenticate
INFO:root:Response handler...
INFO:root:call with args: {'email': 'wyb.nju@foxmail.com', 'passwd': '70b688215970ad155ba95027bc298d06cb65398b'}
INFO:root:SQL: select `id`, `email`, `passwd`, `admin`, `name`, `image`, `created_at` from `users` where email=?
INFO:root:rows returned: 1
INFO:aiohttp.access:127.0.0.1 [13/Oct/2018:15:24:42 +0000] "POST /api/authenticate HTTP/1.0" 200 232 "http://ybwei.fun/signin" "Mozilla/5.0 (Windows NT 10.0; Win64; x64) AppleWebKit/537.36 (KHTML, like Gecko) Chrome/69.0.3497.100 Safari/537.36"
INFO:root:Request: POST /api/authenticate
INFO:root:check user: POST /api/authenticate
INFO:root:Response handler...
INFO:root:call with args: {'email': 'wyb.nju@foxmail.com', 'passwd': '2b4f6e3c1eb1816a496590abd43e926c7ed14e74'}
INFO:root:SQL: select `id`, `email`, `passwd`, `admin`, `name`, `image`, `created_at` from `users` where email=?
INFO:root:rows returned: 1
INFO:aiohttp.access:127.0.0.1 [13/Oct/2018:15:24:46 +0000] "POST /api/authenticate HTTP/1.0" 200 232 "http://ybwei.fun/signin" "Mozilla/5.0 (Windows NT 10.0; Win64; x64) AppleWebKit/537.36 (KHTML, like Gecko) Chrome/69.0.3497.100 Safari/537.36"
INFO:root:Request: POST /api/authenticate
INFO:root:check user: POST /api/authenticate
INFO:root:Response handler...
INFO:root:call with args: {'email': 'wyb.nju@foxmail.com', 'passwd': '70b688215970ad155ba95027bc298d06cb65398b'}
INFO:root:SQL: select `id`, `email`, `passwd`, `admin`, `name`, `image`, `created_at` from `users` where email=?
INFO:root:rows returned: 1
INFO:aiohttp.access:127.0.0.1 [13/Oct/2018:15:26:41 +0000] "POST /api/authenticate HTTP/1.0" 200 232 "http://ybwei.fun/signin" "Mozilla/5.0 (Windows NT 10.0; Win64; x64) AppleWebKit/537.36 (KHTML, like Gecko) Chrome/69.0.3497.100 Safari/537.36"
INFO:root:Request: GET /register
INFO:root:check user: GET /register
INFO:root:Response handler...
INFO:root:call with args: {}
INFO:aiohttp.access:127.0.0.1 [13/Oct/2018:15:26:44 +0000] "GET /register HTTP/1.0" 200 6596 "http://ybwei.fun/" "Mozilla/5.0 (Windows NT 10.0; Win64; x64) AppleWebKit/537.36 (KHTML, like Gecko) Chrome/69.0.3497.100 Safari/537.36"
INFO:root:Request: POST /api/users
INFO:root:check user: POST /api/users
INFO:root:Response handler...
INFO:root:call with args: {'email': 'ybwei@smail.nju.edu.cn', 'name': 'ybwei', 'passwd': '5da84e0833562dc418063ca1d0b545746a1fa3f4'}
INFO:root:SQL: select `id`, `email`, `passwd`, `admin`, `name`, `image`, `created_at` from `users` where email=?
INFO:root:rows returned: 0
INFO:root:SQL: insert into `users` (`email`, `passwd`, `admin`, `name`, `image`, `created_at`, `id`) values (?, ?, ?, ?, ?, ?, ?)
INFO:aiohttp.access:127.0.0.1 [13/Oct/2018:15:27:17 +0000] "POST /api/users HTTP/1.0" 200 572 "http://ybwei.fun/register" "Mozilla/5.0 (Windows NT 10.0; Win64; x64) AppleWebKit/537.36 (KHTML, like Gecko) Chrome/69.0.3497.100 Safari/537.36"
INFO:root:Request: GET /
INFO:root:check user: GET /
INFO:root:SQL: select `id`, `email`, `passwd`, `admin`, `name`, `image`, `created_at` from `users` where `id`=?
INFO:root:rows returned: 1
INFO:root:set current user: ybwei@smail.nju.edu.cn
INFO:root:Response handler...
INFO:root:call with args: {}
INFO:root:SQL: select count(id) _num_ from `blogs`
INFO:root:rows returned: 1
INFO:aiohttp.access:127.0.0.1 [13/Oct/2018:15:27:17 +0000] "GET / HTTP/1.0" 200 4945 "http://ybwei.fun/register" "Mozilla/5.0 (Windows NT 10.0; Win64; x64) AppleWebKit/537.36 (KHTML, like Gecko) Chrome/69.0.3497.100 Safari/537.36"
INFO:root:Request: GET /
INFO:root:check user: GET /
INFO:root:SQL: select `id`, `email`, `passwd`, `admin`, `name`, `image`, `created_at` from `users` where `id`=?
INFO:root:rows returned: 1
INFO:root:set current user: ybwei@smail.nju.edu.cn
INFO:root:Response handler...
INFO:root:call with args: {}
INFO:root:SQL: select count(id) _num_ from `blogs`
INFO:root:rows returned: 1
INFO:aiohttp.access:127.0.0.1 [13/Oct/2018:15:38:40 +0000] "GET / HTTP/1.0" 200 4945 "-" "Mozilla/5.0 (Windows NT 10.0; Win64; x64) AppleWebKit/537.36 (KHTML, like Gecko) Chrome/69.0.3497.100 Safari/537.36"
INFO:root:Request: GET /manage/
INFO:root:check user: GET /manage/
INFO:root:SQL: select `id`, `email`, `passwd`, `admin`, `name`, `image`, `created_at` from `users` where `id`=?
INFO:root:rows returned: 1
INFO:root:set current user: ybwei@smail.nju.edu.cn
INFO:aiohttp.access:127.0.0.1 [13/Oct/2018:15:39:47 +0000] "GET /manage/ HTTP/1.0" 302 183 "http://ybwei.fun:4796/" "Mozilla/5.0 (Windows NT 10.0; Win64; x64) AppleWebKit/537.36 (KHTML, like Gecko) Chrome/69.0.3497.100 Safari/537.36"
INFO:root:Request: GET /signin
INFO:root:check user: GET /signin
INFO:root:SQL: select `id`, `email`, `passwd`, `admin`, `name`, `image`, `created_at` from `users` where `id`=?
INFO:root:rows returned: 1
INFO:root:set current user: ybwei@smail.nju.edu.cn
INFO:root:Response handler...
INFO:root:call with args: {}
INFO:aiohttp.access:127.0.0.1 [13/Oct/2018:15:39:47 +0000] "GET /signin HTTP/1.0" 200 2936 "http://ybwei.fun:4796/" "Mozilla/5.0 (Windows NT 10.0; Win64; x64) AppleWebKit/537.36 (KHTML, like Gecko) Chrome/69.0.3497.100 Safari/537.36"
INFO:root:Request: POST /api/authenticate
INFO:root:check user: POST /api/authenticate
INFO:root:SQL: select `id`, `email`, `passwd`, `admin`, `name`, `image`, `created_at` from `users` where `id`=?
INFO:root:rows returned: 1
INFO:root:set current user: ybwei@smail.nju.edu.cn
INFO:root:Response handler...
INFO:root:call with args: {'email': 'ybwei@smail.nju.edu.cn', 'passwd': '5da84e0833562dc418063ca1d0b545746a1fa3f4'}
INFO:root:SQL: select `id`, `email`, `passwd`, `admin`, `name`, `image`, `created_at` from `users` where email=?
INFO:root:rows returned: 1
INFO:aiohttp.access:127.0.0.1 [13/Oct/2018:15:40:01 +0000] "POST /api/authenticate HTTP/1.0" 200 566 "http://ybwei.fun:4796/signin" "Mozilla/5.0 (Windows NT 10.0; Win64; x64) AppleWebKit/537.36 (KHTML, like Gecko) Chrome/69.0.3497.100 Safari/537.36"
INFO:root:Request: GET /
INFO:root:check user: GET /
INFO:root:SQL: select `id`, `email`, `passwd`, `admin`, `name`, `image`, `created_at` from `users` where `id`=?
INFO:root:rows returned: 1
INFO:root:set current user: ybwei@smail.nju.edu.cn
INFO:root:Response handler...
INFO:root:call with args: {}
INFO:root:SQL: select count(id) _num_ from `blogs`
INFO:root:rows returned: 1
INFO:aiohttp.access:127.0.0.1 [13/Oct/2018:15:40:01 +0000] "GET / HTTP/1.0" 200 4945 "http://ybwei.fun:4796/signin" "Mozilla/5.0 (Windows NT 10.0; Win64; x64) AppleWebKit/537.36 (KHTML, like Gecko) Chrome/69.0.3497.100 Safari/537.36"
INFO:root:Request: GET /manage/
INFO:root:check user: GET /manage/
INFO:root:SQL: select `id`, `email`, `passwd`, `admin`, `name`, `image`, `created_at` from `users` where `id`=?
INFO:root:rows returned: 1
INFO:root:set current user: ybwei@smail.nju.edu.cn
INFO:aiohttp.access:127.0.0.1 [13/Oct/2018:15:40:04 +0000] "GET /manage/ HTTP/1.0" 302 183 "http://ybwei.fun:4796/" "Mozilla/5.0 (Windows NT 10.0; Win64; x64) AppleWebKit/537.36 (KHTML, like Gecko) Chrome/69.0.3497.100 Safari/537.36"
INFO:root:Request: GET /signin
INFO:root:check user: GET /signin
INFO:root:SQL: select `id`, `email`, `passwd`, `admin`, `name`, `image`, `created_at` from `users` where `id`=?
INFO:root:rows returned: 1
INFO:root:set current user: ybwei@smail.nju.edu.cn
INFO:root:Response handler...
INFO:root:call with args: {}
INFO:aiohttp.access:127.0.0.1 [13/Oct/2018:15:40:04 +0000] "GET /signin HTTP/1.0" 200 2936 "http://ybwei.fun:4796/" "Mozilla/5.0 (Windows NT 10.0; Win64; x64) AppleWebKit/537.36 (KHTML, like Gecko) Chrome/69.0.3497.100 Safari/537.36"
INFO:root:Request: POST /api/authenticate
INFO:root:check user: POST /api/authenticate
INFO:root:SQL: select `id`, `email`, `passwd`, `admin`, `name`, `image`, `created_at` from `users` where `id`=?
INFO:root:rows returned: 1
INFO:root:set current user: ybwei@smail.nju.edu.cn
INFO:root:Response handler...
INFO:root:call with args: {'email': 'ybwei@smail.nju.edu.cn', 'passwd': '5da84e0833562dc418063ca1d0b545746a1fa3f4'}
INFO:root:SQL: select `id`, `email`, `passwd`, `admin`, `name`, `image`, `created_at` from `users` where email=?
INFO:root:rows returned: 1
INFO:aiohttp.access:127.0.0.1 [13/Oct/2018:15:40:05 +0000] "POST /api/authenticate HTTP/1.0" 200 566 "http://ybwei.fun:4796/signin" "Mozilla/5.0 (Windows NT 10.0; Win64; x64) AppleWebKit/537.36 (KHTML, like Gecko) Chrome/69.0.3497.100 Safari/537.36"
INFO:root:Request: GET /
INFO:root:check user: GET /
INFO:root:SQL: select `id`, `email`, `passwd`, `admin`, `name`, `image`, `created_at` from `users` where `id`=?
INFO:root:rows returned: 1
INFO:root:set current user: ybwei@smail.nju.edu.cn
INFO:root:Response handler...
INFO:root:call with args: {}
INFO:root:SQL: select count(id) _num_ from `blogs`
INFO:root:rows returned: 1
INFO:aiohttp.access:127.0.0.1 [13/Oct/2018:15:40:05 +0000] "GET / HTTP/1.0" 200 4945 "http://ybwei.fun:4796/signin" "Mozilla/5.0 (Windows NT 10.0; Win64; x64) AppleWebKit/537.36 (KHTML, like Gecko) Chrome/69.0.3497.100 Safari/537.36"
INFO:root:Request: GET /
INFO:root:check user: GET /
INFO:root:Response handler...
INFO:root:call with args: {}
INFO:root:SQL: select count(id) _num_ from `blogs`
INFO:root:rows returned: 1
INFO:aiohttp.access:127.0.0.1 [14/Oct/2018:01:25:53 +0000] "GET / HTTP/1.0" 200 4662 "-" "Mozilla/5.0 (Windows NT 10.0; Win64; x64) AppleWebKit/537.36 (KHTML, like Gecko) Chrome/64.0.3282.140 Safari/537.36 Edge/17.17134"
INFO:root:Request: GET /signin
INFO:root:check user: GET /signin
INFO:root:Response handler...
INFO:root:call with args: {}
INFO:aiohttp.access:127.0.0.1 [14/Oct/2018:01:37:44 +0000] "GET /signin HTTP/1.0" 200 2936 "http://ybwei.fun:4796/" "Mozilla/5.0 (Windows NT 10.0; Win64; x64) AppleWebKit/537.36 (KHTML, like Gecko) Chrome/64.0.3282.140 Safari/537.36 Edge/17.17134"
INFO:root:Request: POST /api/authenticate
INFO:root:check user: POST /api/authenticate
INFO:root:Response handler...
INFO:root:call with args: {'email': 'ybwei@smail.nju.edu.cn', 'passwd': '5da84e0833562dc418063ca1d0b545746a1fa3f4'}
INFO:root:SQL: select `id`, `email`, `passwd`, `admin`, `name`, `image`, `created_at` from `users` where email=?
INFO:root:rows returned: 1
INFO:aiohttp.access:127.0.0.1 [14/Oct/2018:01:38:01 +0000] "POST /api/authenticate HTTP/1.0" 200 566 "http://ybwei.fun:4796/signin" "Mozilla/5.0 (Windows NT 10.0; Win64; x64) AppleWebKit/537.36 (KHTML, like Gecko) Chrome/64.0.3282.140 Safari/537.36 Edge/17.17134"
INFO:root:Request: GET /
INFO:root:check user: GET /
INFO:root:SQL: select `id`, `email`, `passwd`, `admin`, `name`, `image`, `created_at` from `users` where `id`=?
INFO:root:rows returned: 1
INFO:root:set current user: ybwei@smail.nju.edu.cn
INFO:root:Response handler...
INFO:root:call with args: {}
INFO:root:SQL: select count(id) _num_ from `blogs`
INFO:root:rows returned: 1
INFO:aiohttp.access:127.0.0.1 [14/Oct/2018:01:38:01 +0000] "GET / HTTP/1.0" 200 4945 "http://ybwei.fun:4796/signin" "Mozilla/5.0 (Windows NT 10.0; Win64; x64) AppleWebKit/537.36 (KHTML, like Gecko) Chrome/64.0.3282.140 Safari/537.36 Edge/17.17134"
INFO:root:Request: GET /manage/
INFO:root:check user: GET /manage/
INFO:root:SQL: select `id`, `email`, `passwd`, `admin`, `name`, `image`, `created_at` from `users` where `id`=?
INFO:root:rows returned: 1
INFO:root:set current user: ybwei@smail.nju.edu.cn
INFO:root:Response handler...
INFO:root:call with args: {}
INFO:aiohttp.access:127.0.0.1 [14/Oct/2018:01:38:05 +0000] "GET /manage/ HTTP/1.0" 302 192 "http://ybwei.fun:4796/" "Mozilla/5.0 (Windows NT 10.0; Win64; x64) AppleWebKit/537.36 (KHTML, like Gecko) Chrome/64.0.3282.140 Safari/537.36 Edge/17.17134"
INFO:root:Request: GET /manage/comments
INFO:root:check user: GET /manage/comments
INFO:root:SQL: select `id`, `email`, `passwd`, `admin`, `name`, `image`, `created_at` from `users` where `id`=?
INFO:root:rows returned: 1
INFO:root:set current user: ybwei@smail.nju.edu.cn
INFO:root:Response handler...
INFO:root:call with args: {}
INFO:aiohttp.access:127.0.0.1 [14/Oct/2018:01:38:05 +0000] "GET /manage/comments HTTP/1.0" 200 6331 "http://ybwei.fun:4796/" "Mozilla/5.0 (Windows NT 10.0; Win64; x64) AppleWebKit/537.36 (KHTML, like Gecko) Chrome/64.0.3282.140 Safari/537.36 Edge/17.17134"
INFO:root:Request: GET /api/comments
INFO:root:check user: GET /api/comments
INFO:root:SQL: select `id`, `email`, `passwd`, `admin`, `name`, `image`, `created_at` from `users` where `id`=?
INFO:root:rows returned: 1
INFO:root:set current user: ybwei@smail.nju.edu.cn
INFO:root:Response handler...
INFO:root:call with args: {'page': '1'}
INFO:root:SQL: select count(id) _num_ from `comments`
INFO:root:rows returned: 1
INFO:aiohttp.access:127.0.0.1 [14/Oct/2018:01:38:06 +0000] "GET /api/comments?page=1 HTTP/1.0" 200 318 "http://ybwei.fun:4796/manage/comments" "Mozilla/5.0 (Windows NT 10.0; Win64; x64) AppleWebKit/537.36 (KHTML, like Gecko) Chrome/64.0.3282.140 Safari/537.36 Edge/17.17134"
INFO:root:Request: GET /manage/blogs
INFO:root:check user: GET /manage/blogs
INFO:root:SQL: select `id`, `email`, `passwd`, `admin`, `name`, `image`, `created_at` from `users` where `id`=?
INFO:root:rows returned: 1
INFO:root:set current user: ybwei@smail.nju.edu.cn
INFO:root:Response handler...
INFO:root:call with args: {}
INFO:aiohttp.access:127.0.0.1 [14/Oct/2018:01:38:10 +0000] "GET /manage/blogs HTTP/1.0" 200 6604 "http://ybwei.fun:4796/manage/comments" "Mozilla/5.0 (Windows NT 10.0; Win64; x64) AppleWebKit/537.36 (KHTML, like Gecko) Chrome/64.0.3282.140 Safari/537.36 Edge/17.17134"
INFO:root:Request: GET /api/blogs
INFO:root:check user: GET /api/blogs
INFO:root:SQL: select `id`, `email`, `passwd`, `admin`, `name`, `image`, `created_at` from `users` where `id`=?
INFO:root:rows returned: 1
INFO:root:set current user: ybwei@smail.nju.edu.cn
INFO:root:Response handler...
INFO:root:call with args: {'page': '1'}
INFO:root:SQL: select count(id) _num_ from `blogs`
INFO:root:rows returned: 1
INFO:aiohttp.access:127.0.0.1 [14/Oct/2018:01:38:11 +0000] "GET /api/blogs?page=1 HTTP/1.0" 200 315 "http://ybwei.fun:4796/manage/blogs" "Mozilla/5.0 (Windows NT 10.0; Win64; x64) AppleWebKit/537.36 (KHTML, like Gecko) Chrome/64.0.3282.140 Safari/537.36 Edge/17.17134"
INFO:root:Request: GET /manage/blogs/create
INFO:root:check user: GET /manage/blogs/create
INFO:root:SQL: select `id`, `email`, `passwd`, `admin`, `name`, `image`, `created_at` from `users` where `id`=?
INFO:root:rows returned: 1
INFO:root:set current user: ybwei@smail.nju.edu.cn
INFO:root:Response handler...
INFO:root:call with args: {}
INFO:aiohttp.access:127.0.0.1 [14/Oct/2018:01:38:30 +0000] "GET /manage/blogs/create HTTP/1.0" 200 6655 "http://ybwei.fun:4796/manage/blogs" "Mozilla/5.0 (Windows NT 10.0; Win64; x64) AppleWebKit/537.36 (KHTML, like Gecko) Chrome/64.0.3282.140 Safari/537.36 Edge/17.17134"
INFO:root:Request: POST /api/blogs
INFO:root:check user: POST /api/blogs
INFO:root:SQL: select `id`, `email`, `passwd`, `admin`, `name`, `image`, `created_at` from `users` where `id`=?
INFO:root:rows returned: 1
INFO:root:set current user: ybwei@smail.nju.edu.cn
INFO:root:Response handler...
INFO:root:call with args: {'name': '开发日记181014', 'summary': '建站完毕，下一步先部署到docker上吧', 'content': '', 'request': <Request POST /api/blogs >}
INFO:aiohttp.access:127.0.0.1 [14/Oct/2018:01:42:13 +0000] "POST /api/blogs HTTP/1.0" 200 240 "http://ybwei.fun:4796/manage/blogs/create" "Mozilla/5.0 (Windows NT 10.0; Win64; x64) AppleWebKit/537.36 (KHTML, like Gecko) Chrome/64.0.3282.140 Safari/537.36 Edge/17.17134"
INFO:root:Request: POST /api/blogs
INFO:root:check user: POST /api/blogs
INFO:root:SQL: select `id`, `email`, `passwd`, `admin`, `name`, `image`, `created_at` from `users` where `id`=?
INFO:root:rows returned: 1
INFO:root:set current user: ybwei@smail.nju.edu.cn
INFO:root:Response handler...
INFO:root:call with args: {'name': '开发日记181014', 'summary': '建站完毕，下一步先部署到docker上吧', 'content': '嘛，docker难不难呢，试试看再说啦', 'request': <Request POST /api/blogs >}
INFO:root:SQL: insert into `blogs` (`user_id`, `user_name`, `user_image`, `name`, `summary`, `content`, `created_at`, `id`) values (?, ?, ?, ?, ?, ?, ?, ?)
INFO:aiohttp.access:127.0.0.1 [14/Oct/2018:01:42:33 +0000] "POST /api/blogs HTTP/1.0" 200 582 "http://ybwei.fun:4796/manage/blogs/create" "Mozilla/5.0 (Windows NT 10.0; Win64; x64) AppleWebKit/537.36 (KHTML, like Gecko) Chrome/64.0.3282.140 Safari/537.36 Edge/17.17134"
INFO:root:Request: GET /manage/blogs
INFO:root:check user: GET /manage/blogs
INFO:root:SQL: select `id`, `email`, `passwd`, `admin`, `name`, `image`, `created_at` from `users` where `id`=?
INFO:root:rows returned: 1
INFO:root:set current user: ybwei@smail.nju.edu.cn
INFO:root:Response handler...
INFO:root:call with args: {}
INFO:aiohttp.access:127.0.0.1 [14/Oct/2018:01:42:33 +0000] "GET /manage/blogs HTTP/1.0" 200 6604 "http://ybwei.fun:4796/manage/blogs/create" "Mozilla/5.0 (Windows NT 10.0; Win64; x64) AppleWebKit/537.36 (KHTML, like Gecko) Chrome/64.0.3282.140 Safari/537.36 Edge/17.17134"
INFO:root:Request: GET /api/blogs
INFO:root:check user: GET /api/blogs
INFO:root:SQL: select `id`, `email`, `passwd`, `admin`, `name`, `image`, `created_at` from `users` where `id`=?
INFO:root:rows returned: 1
INFO:root:set current user: ybwei@smail.nju.edu.cn
INFO:root:Response handler...
INFO:root:call with args: {'page': '1'}
INFO:root:SQL: select count(id) _num_ from `blogs`
INFO:root:rows returned: 1
INFO:root:SQL: select `id`, `user_id`, `user_name`, `user_image`, `name`, `summary`, `content`, `created_at` from `blogs` order by created_at desc limit ?, ?
INFO:root:rows returned: 1
INFO:aiohttp.access:127.0.0.1 [14/Oct/2018:01:42:33 +0000] "GET /api/blogs?page=1 HTTP/1.0" 200 739 "http://ybwei.fun:4796/manage/blogs" "Mozilla/5.0 (Windows NT 10.0; Win64; x64) AppleWebKit/537.36 (KHTML, like Gecko) Chrome/64.0.3282.140 Safari/537.36 Edge/17.17134"
INFO:root:Request: GET /manage/comments
INFO:root:check user: GET /manage/comments
INFO:root:SQL: select `id`, `email`, `passwd`, `admin`, `name`, `image`, `created_at` from `users` where `id`=?
INFO:root:rows returned: 1
INFO:root:set current user: ybwei@smail.nju.edu.cn
INFO:root:Response handler...
INFO:root:call with args: {}
INFO:aiohttp.access:127.0.0.1 [14/Oct/2018:01:42:36 +0000] "GET /manage/comments HTTP/1.0" 200 6331 "http://ybwei.fun:4796/manage/blogs" "Mozilla/5.0 (Windows NT 10.0; Win64; x64) AppleWebKit/537.36 (KHTML, like Gecko) Chrome/64.0.3282.140 Safari/537.36 Edge/17.17134"
INFO:root:Request: GET /api/comments
INFO:root:check user: GET /api/comments
INFO:root:SQL: select `id`, `email`, `passwd`, `admin`, `name`, `image`, `created_at` from `users` where `id`=?
INFO:root:rows returned: 1
INFO:root:set current user: ybwei@smail.nju.edu.cn
INFO:root:Response handler...
INFO:root:call with args: {'page': '1'}
INFO:root:SQL: select count(id) _num_ from `comments`
INFO:root:rows returned: 1
INFO:aiohttp.access:127.0.0.1 [14/Oct/2018:01:42:36 +0000] "GET /api/comments?page=1 HTTP/1.0" 200 318 "http://ybwei.fun:4796/manage/comments" "Mozilla/5.0 (Windows NT 10.0; Win64; x64) AppleWebKit/537.36 (KHTML, like Gecko) Chrome/64.0.3282.140 Safari/537.36 Edge/17.17134"
INFO:root:Request: GET /manage/users
INFO:root:check user: GET /manage/users
INFO:root:SQL: select `id`, `email`, `passwd`, `admin`, `name`, `image`, `created_at` from `users` where `id`=?
INFO:root:rows returned: 1
INFO:root:set current user: ybwei@smail.nju.edu.cn
INFO:root:Response handler...
INFO:root:call with args: {}
INFO:aiohttp.access:127.0.0.1 [14/Oct/2018:01:42:38 +0000] "GET /manage/users HTTP/1.0" 200 5613 "http://ybwei.fun:4796/manage/comments" "Mozilla/5.0 (Windows NT 10.0; Win64; x64) AppleWebKit/537.36 (KHTML, like Gecko) Chrome/64.0.3282.140 Safari/537.36 Edge/17.17134"
INFO:root:Request: GET /api/users
INFO:root:check user: GET /api/users
INFO:root:SQL: select `id`, `email`, `passwd`, `admin`, `name`, `image`, `created_at` from `users` where `id`=?
INFO:root:rows returned: 1
INFO:root:set current user: ybwei@smail.nju.edu.cn
INFO:root:Response handler...
INFO:root:call with args: {'page': '1'}
INFO:root:SQL: select count(id) _num_ from `users`
INFO:root:rows returned: 1
INFO:root:SQL: select `id`, `email`, `passwd`, `admin`, `name`, `image`, `created_at` from `users` order by created_at desc limit ?, ?
INFO:root:rows returned: 1
INFO:aiohttp.access:127.0.0.1 [14/Oct/2018:01:42:38 +0000] "GET /api/users?page=1 HTTP/1.0" 200 579 "http://ybwei.fun:4796/manage/users" "Mozilla/5.0 (Windows NT 10.0; Win64; x64) AppleWebKit/537.36 (KHTML, like Gecko) Chrome/64.0.3282.140 Safari/537.36 Edge/17.17134"
INFO:root:Request: GET /
INFO:root:check user: GET /
INFO:root:SQL: select `id`, `email`, `passwd`, `admin`, `name`, `image`, `created_at` from `users` where `id`=?
INFO:root:rows returned: 1
INFO:root:set current user: ybwei@smail.nju.edu.cn
INFO:root:Response handler...
INFO:root:call with args: {}
INFO:root:SQL: select count(id) _num_ from `blogs`
INFO:root:rows returned: 1
INFO:root:SQL: select `id`, `user_id`, `user_name`, `user_image`, `name`, `summary`, `content`, `created_at` from `blogs` order by created_at desc limit ?, ?
INFO:root:rows returned: 1
INFO:aiohttp.access:127.0.0.1 [14/Oct/2018:01:42:48 +0000] "GET / HTTP/1.0" 200 5434 "http://ybwei.fun:4796/manage/users" "Mozilla/5.0 (Windows NT 10.0; Win64; x64) AppleWebKit/537.36 (KHTML, like Gecko) Chrome/64.0.3282.140 Safari/537.36 Edge/17.17134"
